<?xml version="1.0" encoding="UTF-8"?>
<testsuite name="service.ClientRegisterServiceTest" tests="1" skipped="0" failures="0" errors="0" timestamp="2022-10-08T20:58:11" hostname="Gunels-MacBook-Pro.local" time="1.036">
  <properties/>
  <testcase name="saveClientInfo()" classname="service.ClientRegisterServiceTest" time="1.036"/>
  <system-out><![CDATA[]]></system-out>
  <system-err><![CDATA[]]></system-err>
</testsuite>
