<?xml version="1.0" encoding="UTF-8"?>
<testsuite name="service.ClientRegisterServiceTest" tests="1" skipped="0" failures="0" errors="0" timestamp="2022-10-09T19:57:40" hostname="Gunels-MacBook-Pro.local" time="1.043">
  <properties/>
  <testcase name="saveClientInfo()" classname="service.ClientRegisterServiceTest" time="1.043"/>
  <system-out><![CDATA[]]></system-out>
  <system-err><![CDATA[]]></system-err>
</testsuite>
