<?xml version="1.0" encoding="UTF-8"?>
<testsuite name="controller.ClientControllerTest" tests="1" skipped="0" failures="0" errors="0" timestamp="2022-10-06T20:08:01" hostname="Gunels-MacBook-Pro.local" time="0.364">
  <properties/>
  <testcase name="shouldReturnOk_whenClientCreate()" classname="controller.ClientControllerTest" time="0.364"/>
  <system-out><![CDATA[00:07:39.769 [Test worker] DEBUG org.springframework.test.context.BootstrapUtils - Instantiating CacheAwareContextLoaderDelegate from class [org.springframework.test.context.cache.DefaultCacheAwareContextLoaderDelegate]
00:07:39.787 [Test worker] DEBUG org.springframework.test.context.BootstrapUtils - Instantiating BootstrapContext using constructor [public org.springframework.test.context.support.DefaultBootstrapContext(java.lang.Class,org.springframework.test.context.CacheAwareContextLoaderDelegate)]
00:07:39.848 [Test worker] DEBUG org.springframework.test.context.BootstrapUtils - Instantiating TestContextBootstrapper for test class [controller.ClientControllerTest] from class [org.springframework.boot.test.context.SpringBootTestContextBootstrapper]
00:07:39.866 [Test worker] INFO org.springframework.boot.test.context.SpringBootTestContextBootstrapper - Neither @ContextConfiguration nor @ContextHierarchy found for test class [controller.ClientControllerTest], using SpringBootContextLoader
00:07:39.871 [Test worker] DEBUG org.springframework.test.context.support.AbstractContextLoader - Did not detect default resource location for test class [controller.ClientControllerTest]: class path resource [controller/ClientControllerTest-context.xml] does not exist
00:07:39.872 [Test worker] DEBUG org.springframework.test.context.support.AbstractContextLoader - Did not detect default resource location for test class [controller.ClientControllerTest]: class path resource [controller/ClientControllerTestContext.groovy] does not exist
00:07:39.872 [Test worker] INFO org.springframework.test.context.support.AbstractContextLoader - Could not detect default resource locations for test class [controller.ClientControllerTest]: no resource found for suffixes {-context.xml, Context.groovy}.
00:07:40.018 [Test worker] DEBUG org.springframework.test.context.support.ActiveProfilesUtils - Could not find an 'annotation declaring class' for annotation type [org.springframework.test.context.ActiveProfiles] and class [controller.ClientControllerTest]
00:07:40.306 [Test worker] DEBUG org.springframework.boot.test.context.SpringBootTestContextBootstrapper - @TestExecutionListeners is not present for class [controller.ClientControllerTest]: using defaults.
00:07:40.308 [Test worker] INFO org.springframework.boot.test.context.SpringBootTestContextBootstrapper - Loaded default TestExecutionListener class names from location [META-INF/spring.factories]: [org.springframework.boot.test.autoconfigure.restdocs.RestDocsTestExecutionListener, org.springframework.boot.test.autoconfigure.web.client.MockRestServiceServerResetTestExecutionListener, org.springframework.boot.test.autoconfigure.web.servlet.MockMvcPrintOnlyOnFailureTestExecutionListener, org.springframework.boot.test.autoconfigure.web.servlet.WebDriverTestExecutionListener, org.springframework.boot.test.autoconfigure.webservices.client.MockWebServiceServerTestExecutionListener, org.springframework.boot.test.mock.mockito.MockitoTestExecutionListener, org.springframework.boot.test.mock.mockito.ResetMocksTestExecutionListener, org.springframework.test.context.web.ServletTestExecutionListener, org.springframework.test.context.support.DirtiesContextBeforeModesTestExecutionListener, org.springframework.test.context.event.ApplicationEventsTestExecutionListener, org.springframework.test.context.support.DependencyInjectionTestExecutionListener, org.springframework.test.context.support.DirtiesContextTestExecutionListener, org.springframework.test.context.transaction.TransactionalTestExecutionListener, org.springframework.test.context.jdbc.SqlScriptsTestExecutionListener, org.springframework.test.context.event.EventPublishingTestExecutionListener]
00:07:40.332 [Test worker] INFO org.springframework.boot.test.context.SpringBootTestContextBootstrapper - Using TestExecutionListeners: [org.springframework.test.context.web.ServletTestExecutionListener@30c0ccff, org.springframework.test.context.support.DirtiesContextBeforeModesTestExecutionListener@581d969c, org.springframework.test.context.event.ApplicationEventsTestExecutionListener@22db8f4, org.springframework.boot.test.mock.mockito.MockitoTestExecutionListener@2b46a8c1, org.springframework.boot.test.autoconfigure.SpringBootDependencyInjectionTestExecutionListener@1d572e62, org.springframework.test.context.support.DirtiesContextTestExecutionListener@29caf222, org.springframework.test.context.transaction.TransactionalTestExecutionListener@46cf05f7, org.springframework.test.context.jdbc.SqlScriptsTestExecutionListener@5851bd4f, org.springframework.test.context.event.EventPublishingTestExecutionListener@7cd1ac19, org.springframework.boot.test.autoconfigure.restdocs.RestDocsTestExecutionListener@2f40a43, org.springframework.boot.test.autoconfigure.web.client.MockRestServiceServerResetTestExecutionListener@3caa4757, org.springframework.boot.test.autoconfigure.web.servlet.MockMvcPrintOnlyOnFailureTestExecutionListener@69c43e48, org.springframework.boot.test.autoconfigure.web.servlet.WebDriverTestExecutionListener@1804f60d, org.springframework.boot.test.autoconfigure.webservices.client.MockWebServiceServerTestExecutionListener@3a80515c, org.springframework.boot.test.mock.mockito.ResetMocksTestExecutionListener@547e29a4]
00:07:40.340 [Test worker] DEBUG org.springframework.test.context.support.AbstractDirtiesContextTestExecutionListener - Before test class: context [DefaultTestContext@2c444798 testClass = ClientControllerTest, testInstance = [null], testMethod = [null], testException = [null], mergedContextConfiguration = [WebMergedContextConfiguration@1af7f54a testClass = ClientControllerTest, locations = '{}', classes = '{class az.client.ClientsApplication}', contextInitializerClasses = '[]', activeProfiles = '{}', propertySourceLocations = '{}', propertySourceProperties = '{org.springframework.boot.test.context.SpringBootTestContextBootstrapper=true, server.port=0}', contextCustomizers = set[org.springframework.boot.test.autoconfigure.actuate.metrics.MetricsExportContextCustomizerFactory$DisableMetricExportContextCustomizer@30d4b288, org.springframework.boot.test.autoconfigure.properties.PropertyMappingContextCustomizer@4b3fa0b3, org.springframework.boot.test.autoconfigure.web.servlet.WebDriverContextCustomizerFactory$Customizer@12bfd80d, [ImportsContextCustomizer@6ebd78d1 key = [org.springframework.boot.test.autoconfigure.web.servlet.MockMvcAutoConfiguration, org.springframework.boot.test.autoconfigure.web.servlet.MockMvcWebClientAutoConfiguration, org.springframework.boot.test.autoconfigure.web.servlet.MockMvcWebDriverAutoConfiguration, org.springframework.boot.autoconfigure.security.oauth2.client.servlet.OAuth2ClientAutoConfiguration, org.springframework.boot.autoconfigure.security.oauth2.resource.servlet.OAuth2ResourceServerAutoConfiguration, org.springframework.boot.autoconfigure.security.servlet.SecurityAutoConfiguration, org.springframework.boot.autoconfigure.security.servlet.SecurityFilterAutoConfiguration, org.springframework.boot.autoconfigure.security.servlet.UserDetailsServiceAutoConfiguration, org.springframework.boot.test.autoconfigure.web.servlet.MockMvcSecurityConfiguration, org.springframework.boot.test.autoconfigure.web.reactive.WebTestClientAutoConfiguration]], org.springframework.boot.test.context.filter.ExcludeFilterContextCustomizer@1bb1fde8, org.springframework.boot.test.json.DuplicateJsonObjectContextCustomizerFactory$DuplicateJsonObjectContextCustomizer@30990c1b, org.springframework.boot.test.mock.mockito.MockitoContextCustomizer@f2f2c4bf, org.springframework.boot.test.web.client.TestRestTemplateContextCustomizer@56f6d40b, org.springframework.boot.test.context.SpringBootTestArgs@1, org.springframework.boot.test.context.SpringBootTestWebEnvironment@27912e3], resourceBasePath = 'src/main/webapp', contextLoader = 'org.springframework.boot.test.context.SpringBootContextLoader', parent = [null]], attributes = map['org.springframework.test.context.web.ServletTestExecutionListener.activateListener' -> false]], class annotated with @DirtiesContext [false] with mode [null].
00:07:40.574 [Test worker] DEBUG org.springframework.boot.ApplicationServletEnvironment - Activating profiles []
00:07:40.602 [Test worker] DEBUG org.springframework.test.context.support.TestPropertySourceUtils - Adding inlined properties to environment: {spring.jmx.enabled=false, org.springframework.boot.test.context.SpringBootTestContextBootstrapper=true, server.port=0}

  .   ____          _            __ _ _
 /\\ / ___'_ __ _ _(_)_ __  __ _ \ \ \ \
( ( )\___ | '_ | '_| | '_ \/ _` | \ \ \ \
 \\/  ___)| |_)| | | | | || (_| |  ) ) ) )
  '  |____| .__|_| |_|_| |_\__, | / / / /
 =========|_|==============|___/=/_/_/_/
 :: Spring Boot ::                (v2.6.0)

2022-10-07 00:07:46.516  INFO 95195 --- [    Test worker] controller.ClientControllerTest          : Starting ClientControllerTest using Java 11.0.14 on Gunels-MacBook-Pro.local with PID 95195 (started by sultanovagv in /Users/sultanovagv/Desktop/client-management/client-management/clients-ms)
2022-10-07 00:07:46.519  INFO 95195 --- [    Test worker] controller.ClientControllerTest          : No active profile set, falling back to default profiles: default
2022-10-07 00:07:48.799  INFO 95195 --- [    Test worker] .s.d.r.c.RepositoryConfigurationDelegate : Bootstrapping Spring Data JPA repositories in DEFAULT mode.
2022-10-07 00:07:49.063  INFO 95195 --- [    Test worker] .s.d.r.c.RepositoryConfigurationDelegate : Finished Spring Data repository scanning in 253 ms. Found 1 JPA repository interfaces.
2022-10-07 00:07:49.400  INFO 95195 --- [    Test worker] faultConfiguringBeanFactoryPostProcessor : No bean named 'errorChannel' has been explicitly defined. Therefore, a default PublishSubscribeChannel will be created.
2022-10-07 00:07:49.417  INFO 95195 --- [    Test worker] faultConfiguringBeanFactoryPostProcessor : No bean named 'integrationHeaderChannelRegistry' has been explicitly defined. Therefore, a default DefaultHeaderChannelRegistry will be created.
2022-10-07 00:07:50.795  INFO 95195 --- [    Test worker] trationDelegate$BeanPostProcessorChecker : Bean 'org.springframework.integration.config.IntegrationManagementConfiguration' of type [org.springframework.integration.config.IntegrationManagementConfiguration] is not eligible for getting processed by all BeanPostProcessors (for example: not eligible for auto-proxying)
2022-10-07 00:07:50.854  INFO 95195 --- [    Test worker] trationDelegate$BeanPostProcessorChecker : Bean 'integrationChannelResolver' of type [org.springframework.integration.support.channel.BeanFactoryChannelResolver] is not eligible for getting processed by all BeanPostProcessors (for example: not eligible for auto-proxying)
2022-10-07 00:07:50.865  INFO 95195 --- [    Test worker] trationDelegate$BeanPostProcessorChecker : Bean 'integrationDisposableAutoCreatedBeans' of type [org.springframework.integration.config.annotation.Disposables] is not eligible for getting processed by all BeanPostProcessors (for example: not eligible for auto-proxying)
2022-10-07 00:07:51.662  WARN 95195 --- [    Test worker] io.undertow.websockets.jsr               : UT026010: Buffer pool was not set on WebSocketDeploymentInfo, the default pool will be used
2022-10-07 00:07:51.699  INFO 95195 --- [    Test worker] io.undertow.servlet                      : Initializing Spring embedded WebApplicationContext
2022-10-07 00:07:51.699  INFO 95195 --- [    Test worker] w.s.c.ServletWebServerApplicationContext : Root WebApplicationContext: initialization completed in 5117 ms
2022-10-07 00:07:52.268  INFO 95195 --- [    Test worker] com.zaxxer.hikari.HikariDataSource       : HikariPool-1 - Starting...
2022-10-07 00:07:52.549  INFO 95195 --- [    Test worker] com.zaxxer.hikari.HikariDataSource       : HikariPool-1 - Start completed.
2022-10-07 00:07:53.144  INFO 95195 --- [    Test worker] liquibase.lockservice                    : Successfully acquired change log lock
2022-10-07 00:07:54.375  INFO 95195 --- [    Test worker] liquibase.changelog                      : Reading from db.DATABASECHANGELOG
2022-10-07 00:07:54.516  INFO 95195 --- [    Test worker] liquibase.lockservice                    : Successfully released change log lock
2022-10-07 00:07:54.879  INFO 95195 --- [    Test worker] o.hibernate.jpa.internal.util.LogHelper  : HHH000204: Processing PersistenceUnitInfo [name: default]
2022-10-07 00:07:54.941  INFO 95195 --- [    Test worker] org.hibernate.Version                    : HHH000412: Hibernate ORM core version 5.6.1.Final
2022-10-07 00:07:54.994  INFO 95195 --- [    Test worker] o.hibernate.annotations.common.Version   : HCANN000001: Hibernate Commons Annotations {5.1.2.Final}
2022-10-07 00:07:55.162  INFO 95195 --- [    Test worker] org.hibernate.dialect.Dialect            : HHH000400: Using dialect: org.hibernate.dialect.MySQL8Dialect
2022-10-07 00:07:55.866  INFO 95195 --- [    Test worker] o.h.e.t.j.p.i.JtaPlatformInitiator       : HHH000490: Using JtaPlatform implementation: [org.hibernate.engine.transaction.jta.platform.internal.NoJtaPlatform]
2022-10-07 00:07:55.876  INFO 95195 --- [    Test worker] j.LocalContainerEntityManagerFactoryBean : Initialized JPA EntityManagerFactory for persistence unit 'default'
2022-10-07 00:07:57.727  WARN 95195 --- [    Test worker] JpaBaseConfiguration$JpaWebConfiguration : spring.jpa.open-in-view is enabled by default. Therefore, database queries may be performed during view rendering. Explicitly configure spring.jpa.open-in-view to disable this warning
2022-10-07 00:08:00.830  INFO 95195 --- [    Test worker] io.undertow.servlet                      : Initializing Spring TestDispatcherServlet ''
2022-10-07 00:08:00.833  INFO 95195 --- [    Test worker] o.s.t.web.servlet.TestDispatcherServlet  : Initializing Servlet ''
2022-10-07 00:08:00.837  INFO 95195 --- [    Test worker] o.s.t.web.servlet.TestDispatcherServlet  : Completed initialization in 3 ms
2022-10-07 00:08:00.925  WARN 95195 --- [    Test worker] onConfiguration$FunctionBindingRegistrar : You have defined function definition that does not exist: clients-register
2022-10-07 00:08:00.949  WARN 95195 --- [    Test worker] onConfiguration$FunctionBindingRegistrar : The function definition 'clients-register' is not valid. The referenced function bean or one of its components does not exist
2022-10-07 00:08:01.361  INFO 95195 --- [    Test worker] o.s.i.endpoint.EventDrivenConsumer       : Adding {logging-channel-adapter:_org.springframework.integration.errorLogger} as a subscriber to the 'errorChannel' channel
2022-10-07 00:08:01.364  INFO 95195 --- [    Test worker] o.s.i.channel.PublishSubscribeChannel    : Channel 'application.errorChannel' has 1 subscriber(s).
2022-10-07 00:08:01.365  INFO 95195 --- [    Test worker] o.s.i.endpoint.EventDrivenConsumer       : started bean '_org.springframework.integration.errorLogger'
2022-10-07 00:08:01.380  INFO 95195 --- [    Test worker] io.undertow                              : starting server: Undertow - 2.2.12.Final
2022-10-07 00:08:01.392  INFO 95195 --- [    Test worker] org.xnio                                 : XNIO version 3.8.4.Final
2022-10-07 00:08:01.405  INFO 95195 --- [    Test worker] org.xnio.nio                             : XNIO NIO Implementation Version 3.8.4.Final
2022-10-07 00:08:01.516  INFO 95195 --- [    Test worker] org.jboss.threads                        : JBoss Threads version 3.1.0.Final
2022-10-07 00:08:01.570  INFO 95195 --- [    Test worker] o.s.b.w.e.undertow.UndertowWebServer     : Undertow started on port(s) 55665 (http)
2022-10-07 00:08:01.587  INFO 95195 --- [    Test worker] controller.ClientControllerTest          : Started ClientControllerTest in 20.979 seconds (JVM running for 23.94)
]]></system-out>
  <system-err><![CDATA[]]></system-err>
</testsuite>
