<?xml version="1.0" encoding="UTF-8"?>
<testsuite name="service.ClientServiceTest" tests="1" skipped="0" failures="0" errors="0" timestamp="2022-10-08T13:39:24" hostname="Gunels-MacBook-Pro.local" time="1.015">
  <properties/>
  <testcase name="createClient_when_success()" classname="service.ClientServiceTest" time="1.015"/>
  <system-out><![CDATA[17:39:25.244 [Test worker] INFO az.client.service.ClientService - Message was sent : Client(name=Gunel, surname=Sultanova, wage=1000)
]]></system-out>
  <system-err><![CDATA[]]></system-err>
</testsuite>
